<?xml version="1.0" encoding="UTF-8"?>
<!-- Generated by org.testng.reporters.JUnitReportReporter -->
<testsuite skipped="0" hostname="ZMO-WIN-AishwaryaT-01" name="mavenAssignment.SeleniumTest" tests="2" failures="0" timestamp="06 Dec 2021 11:01:44 GMT" time="0.015" errors="0">
  <testcase name="ElementUi" time="0.001" classname="mavenAssignment.SeleniumTest"/>
  <testcase name="BrowserAutomation" time="0.014" classname="mavenAssignment.SeleniumTest"/>
</testsuite> <!-- mavenAssignment.SeleniumTest -->
