<?xml version="1.0" encoding="UTF-8"?>
<!-- Generated by org.testng.reporters.JUnitReportReporter -->
<testsuite skipped="0" hostname="ZMO-WIN-AishwaryaT-01" name="mavenAssignment.RESTTest" tests="2" failures="0" timestamp="06 Dec 2021 11:01:44 GMT" time="0.001" errors="0">
  <testcase name="deleteTwitter" time="0.001" classname="mavenAssignment.RESTTest"/>
  <testcase name="postJira" time="0.000" classname="mavenAssignment.RESTTest"/>
</testsuite> <!-- mavenAssignment.RESTTest -->
