<?xml version="1.0" encoding="UTF-8"?>
<!-- Generated by org.testng.reporters.JUnitReportReporter -->
<testsuite skipped="0" hostname="ZMO-WIN-AishwaryaT-01" name="mavenAssignment.AppiumTest" tests="2" failures="0" timestamp="01 Dec 2021 11:10:33 GMT" time="0.001" errors="0">
  <testcase name="NativeApp" time="0.000" classname="mavenAssignment.AppiumTest"/>
  <testcase name="IOSApp" time="0.001" classname="mavenAssignment.AppiumTest"/>
</testsuite> <!-- mavenAssignment.AppiumTest -->
